%!Adobe-FontList 1.19
%Locale:0x409

%BeginFont
Handler:DirectoryHandler
FontType:Type1
FontName:BenthamRegular
FamilyName:Bentham
StyleName:Regular
MenuName:Bentham
StyleBits:0
WeightClass:400
WidthClass:5
AngleClass:0
FullName:Bentham
WritingScript:Roman
OutlineFileName:\Bentham.otf
DataFormat:sfntData
UsesStandardEncoding:yes
isCFF:yes
hasSVG:no
VariableFontType:NonVariableFont
FileLength:52128
FileModTime:1538932812
NameArray:0,Mac,4,Bentham
NameArray:0,Win,1,Bentham
%EndFont

%BeginFont
Handler:DirectoryHandler
FontType:Type1
FontName:Metropolis-Thin
FamilyName:Metropolis
StyleName:Thin
MenuName:Metropolis Thin
StyleBits:0
WeightClass:400
WidthClass:5
AngleClass:0
FullName:Metropolis Thin
WritingScript:Roman
OutlineFileName:\Metropolis-Thin.otf
DataFormat:sfntData
UsesStandardEncoding:yes
isCFF:yes
hasSVG:no
VariableFontType:NonVariableFont
FileLength:22920
FileModTime:1538975300
NameArray:0,Mac,4,Metropolis Thin
NameArray:0,Win,1,Metropolis Thin
NameArray:0,Win,16,Metropolis
%EndFont

%BeginFont
Handler:DirectoryHandler
FontType:Type1
FontName:Metropolis-Regular
FamilyName:Metropolis
StyleName:Regular
MenuName:Metropolis
StyleBits:0
WeightClass:400
WidthClass:5
AngleClass:0
FullName:Metropolis
WritingScript:Roman
OutlineFileName:\Metropolis-Regular.otf
DataFormat:sfntData
UsesStandardEncoding:yes
isCFF:yes
hasSVG:no
VariableFontType:NonVariableFont
FileLength:23124
FileModTime:1538975300
NameArray:0,Mac,4,Metropolis
NameArray:0,Win,1,Metropolis
%EndFont

%BeginFont
Handler:DirectoryHandler
FontType:TrueType
FontName:Didot
FamilyName:Didot
StyleName:Regular
MenuName:Didot
StyleBits:0
WeightClass:400
WidthClass:5
AngleClass:0
FullName:Didot
WritingScript:Roman
OutlineFileName:\Didot.ttc
TTCOffset:36
DataFormat:sfntData
hasSVG:no
VariableFontType:NonVariableFont
FileLength:722884
FileModTime:1519006056
NameArray:0,Mac,4,Didot
NameArray:0,Win,1,Didot
%EndFont

%BeginFont
Handler:DirectoryHandler
FontType:TrueType
FontName:Didot-Italic
FamilyName:Didot
StyleName:Italic
MenuName:Didot
StyleBits:1
WeightClass:400
WidthClass:5
AngleClass:1
FullName:Didot Italic
WritingScript:Roman
OutlineFileName:\Didot.ttc
TTCOffset:352
DataFormat:sfntData
hasSVG:no
VariableFontType:NonVariableFont
FileLength:722884
FileModTime:1519006056
NameArray:0,Mac,4,Didot Italic
NameArray:0,Win,1,Didot
%EndFont

%BeginFont
Handler:DirectoryHandler
FontType:TrueType
FontName:Didot-Bold
FamilyName:Didot
StyleName:Bold
MenuName:Didot
StyleBits:2
WeightClass:700
WidthClass:5
AngleClass:0
FullName:Didot Bold
WritingScript:Roman
OutlineFileName:\Didot.ttc
TTCOffset:652
DataFormat:sfntData
hasSVG:no
VariableFontType:NonVariableFont
FileLength:722884
FileModTime:1519006056
NameArray:0,Mac,4,Didot Bold
NameArray:0,Win,1,Didot
%EndFont

